0 info it worked if it ends with ok
1 verbose cli [ 'C:\\Program Files\\nodejs\\node.exe',
1 verbose cli   'C:\\Users\\gallayl\\AppData\\Roaming\\npm\\node_modules\\npm\\bin\\npm-cli.js',
1 verbose cli   'start' ]
2 info using npm@3.10.6
3 info using node@v6.3.0
4 verbose run-script [ 'prestart', 'start', 'poststart' ]
5 info lifecycle angular2-odata@0.0.16~prestart: angular2-odata@0.0.16
6 silly lifecycle angular2-odata@0.0.16~prestart: no script for prestart, continuing
7 info lifecycle angular2-odata@0.0.16~start: angular2-odata@0.0.16
8 verbose lifecycle angular2-odata@0.0.16~start: unsafe-perm in lifecycle true
9 verbose lifecycle angular2-odata@0.0.16~start: PATH: C:\Users\gallayl\AppData\Roaming\npm\node_modules\npm\bin\node-gyp-bin;X:\work\Repositories\angular2-odata\angular2-odata\node_modules\.bin;C:\Program Files\Common Files\Microsoft Shared\Windows Live;C:\Program Files (x86)\Common Files\Microsoft Shared\Windows Live;C:\Program Files\Autodesk\Maya2011\bin;C:\Windows\system32;C:\Windows;C:\Windows\System32\Wbem;C:\Windows\System32\WindowsPowerShell\v1.0\;C:\Program Files\Intel\DMIX;C:\Program Files (x86)\QuickTime\QTSystem;C:\Program Files\IRIDAS FrameCycler Professional 3.5 Pro\bin;C:\Tcl\bin;C:\Condor\bin;u:\extensions\system;u:\extensions\system\dlls;C:\Program Files (x86)\Windows Live\Shared;c:\Python26;C:\Program Files\Common Files\Autodesk Shared;C:\Program Files\Common Files\Autodesk Shared\;C:\Program Files\Microsoft Network Monitor 3\;C:\Program Files (x86)\Common Files\Adobe\AGL;C:\Program Files (x86)\NVIDIA Corporation\PhysX\Common;C:\Program Files (x86)\Windows Kits\8.1\Windows Performance Toolkit\;C:\Program Files\Microsoft SQL Server\110\Tools\Binn\;C:\Program Files\Microsoft SQL Server\120\Tools\Binn\;C:\Program Files\Microsoft SQL Server\130\Tools\Binn\;C:\Program Files\Git\cmd;C:\Program Files\TortoiseGit\bin;C:\Users\gallayl\AppData\Local\Programs\Git\cmd;C:\Program Files\nodejs\;C:\Program Files\dotnet\;C:\Users\gallayl\.dnx\bin;c:\dApps\Arnold\Arnold_4.2.12.2\bin;x:\PortableApps\node.js;C:\Users\gallayl\AppData\Local\Programs\Git\bin;C:\Users\gallayl\AppData\Roaming\npm;X:\PortableApps\AndroidSDK\\tools;X:\PortableApps\AndroidSDK\\platform-tools
10 verbose lifecycle angular2-odata@0.0.16~start: CWD: X:\work\Repositories\angular2-odata\angular2-odata
11 silly lifecycle angular2-odata@0.0.16~start: Args: [ '/d /s /c', 'tsc' ]
12 silly lifecycle angular2-odata@0.0.16~start: Returned: code: 2  signal: null
13 info lifecycle angular2-odata@0.0.16~start: Failed to exec start script
14 verbose stack Error: angular2-odata@0.0.16 start: `tsc`
14 verbose stack Exit status 2
14 verbose stack     at EventEmitter.<anonymous> (C:\Users\gallayl\AppData\Roaming\npm\node_modules\npm\lib\utils\lifecycle.js:255:16)
14 verbose stack     at emitTwo (events.js:106:13)
14 verbose stack     at EventEmitter.emit (events.js:191:7)
14 verbose stack     at ChildProcess.<anonymous> (C:\Users\gallayl\AppData\Roaming\npm\node_modules\npm\lib\utils\spawn.js:40:14)
14 verbose stack     at emitTwo (events.js:106:13)
14 verbose stack     at ChildProcess.emit (events.js:191:7)
14 verbose stack     at maybeClose (internal/child_process.js:852:16)
14 verbose stack     at Process.ChildProcess._handle.onexit (internal/child_process.js:215:5)
15 verbose pkgid angular2-odata@0.0.16
16 verbose cwd X:\work\Repositories\angular2-odata\angular2-odata
17 error Windows_NT 6.1.7601
18 error argv "C:\\Program Files\\nodejs\\node.exe" "C:\\Users\\gallayl\\AppData\\Roaming\\npm\\node_modules\\npm\\bin\\npm-cli.js" "start"
19 error node v6.3.0
20 error npm  v3.10.6
21 error code ELIFECYCLE
22 error angular2-odata@0.0.16 start: `tsc`
22 error Exit status 2
23 error Failed at the angular2-odata@0.0.16 start script 'tsc'.
23 error Make sure you have the latest version of node.js and npm installed.
23 error If you do, this is most likely a problem with the angular2-odata package,
23 error not with npm itself.
23 error Tell the author that this fails on your system:
23 error     tsc
23 error You can get information on how to open an issue for this project with:
23 error     npm bugs angular2-odata
23 error Or if that isn't available, you can get their info via:
23 error     npm owner ls angular2-odata
23 error There is likely additional logging output above.
24 verbose exit [ 1, true ]
